workflow=record-upload
command=cre workflow simulate record-upload --http-payload '<json>'
status=0

stdout:
✓ Workflow compiled
2026-03-09T19:02:16Z [SIMULATION] Simulator Initialized

2026-03-09T19:02:16Z [SIMULATION] Running trigger trigger=http-trigger@1.0.0-alpha
2026-03-09T19:02:17Z [USER LOG] Processing record upload for patient: 0x000000000000000000000000000000000000bEEF, type: 1
2026-03-09T19:02:19Z [USER LOG] Uploaded to IPFS: QmQ8vGZzcTG2fPPeehukKD1aT2m4QCk45Mm74ZEvMsaus8
2026-03-09T19:02:20Z [USER LOG] Record uploaded on-chain. TX: unknown

✓ Workflow Simulation Result:
{}

2026-03-09T19:02:20Z [SIMULATION] Execution finished signal received
2026-03-09T19:02:20Z [SIMULATION] Skipping WorkflowEngineV2

╭──────────────────────────────────────────────────────╮
│ Simulation complete! Ready to deploy your workflow?  │
│                                                      │
│ Run cre account access to request deployment access. │
╰──────────────────────────────────────────────────────╯


stderr:
Initializing...
Loading settings...
Checking RPC connectivity...
Compiling workflow...
